# JRE version: OpenJDK Runtime Environment Temurin-21.0.10+7 (21.0.10+7) (build 21.0.10+7-LTS)
# Java VM: OpenJDK 64-Bit Server VM Temurin-21.0.10+7 (21.0.10+7-LTS, mixed mode, sharing, tiered, compressed oops, compressed class ptrs, g1 gc, windows-amd64)
GC Precious Log:
 CardTable entry size: 512
 Card Set container configuration: InlinePtr #cards 5 size 8 Array Of Cards #cards 12 size 40 Howl #buckets 4 coarsen threshold 1843 Howl Bitmap #cards 512 size 80 coarsen threshold 460 Card regions per heap region 1 cards per card region 2048
 CPUs: 12 total, 12 available
 Memory: 8016M
 Large Page Support: Disabled
 NUMA Support: Disabled
 Compressed Oops: Enabled (32-bit)
 Heap Region Size: 1M
 Heap Min Capacity: 8M
 Heap Initial Capacity: 126M
 Heap Max Capacity: 1536M
 Pre-touch: Disabled
 Parallel Workers: 10
 Concurrent Workers: 3
 Concurrent Refinement Workers: 10
 Periodic GC: Disabled
Heap:
 garbage-first heap   total 193536K, used 129524K [0x00000000a0000000, 0x0000000100000000)
  region size 1024K, 20 young (20480K), 5 survivors (5120K)
 Metaspace       used 97016K, committed 99328K, reserved 1179648K
  class space    used 13813K, committed 14912K, reserved 1048576K
GC Heap History (20 events):
Event: 22.865 GC heap before
{Heap before GC invocations=35 (full 0):
 garbage-first heap   total 138240K, used 126349K [0x00000000a0000000, 0x0000000100000000)
  region size 1024K, 44 young (45056K), 4 survivors (4096K)
 Metaspace       used 81762K, committed 83840K, reserved 1179648K
  class space    used 11667K, committed 12672K, reserved 1048576K
}
Event: 22.869 GC heap after
{Heap after GC invocations=36 (full 0):
 garbage-first heap   total 138240K, used 87684K [0x00000000a0000000, 0x0000000100000000)
  region size 1024K, 4 young (4096K), 4 survivors (4096K)
 Metaspace       used 81762K, committed 83840K, reserved 1179648K
  class space    used 11667K, committed 12672K, reserved 1048576K
}
Event: 23.567 GC heap before
{Heap before GC invocations=37 (full 0):
 garbage-first heap   total 148480K, used 125572K [0x00000000a0000000, 0x0000000100000000)
  region size 1024K, 42 young (43008K), 4 survivors (4096K)
 Metaspace       used 82646K, committed 84800K, reserved 1179648K
  class space    used 11804K, committed 12800K, reserved 1048576K
}
Event: 23.571 GC heap after
{Heap after GC invocations=38 (full 0):
 garbage-first heap   total 148480K, used 90383K [0x00000000a0000000, 0x0000000100000000)
  region size 1024K, 5 young (5120K), 5 survivors (5120K)
 Metaspace       used 82646K, committed 84800K, reserved 1179648K
  class space    used 11804K, committed 12800K, reserved 1048576K
}
Event: 24.115 GC heap before
{Heap before GC invocations=38 (full 0):
 garbage-first heap   total 148480K, used 135439K [0x00000000a0000000, 0x0000000100000000)
  region size 1024K, 50 young (51200K), 5 survivors (5120K)
 Metaspace       used 82695K, committed 84864K, reserved 1179648K
  class space    used 11808K, committed 12800K, reserved 1048576K
}
Event: 24.119 GC heap after
{Heap after GC invocations=39 (full 0):
 garbage-first heap   total 148480K, used 91475K [0x00000000a0000000, 0x0000000100000000)
  region size 1024K, 5 young (5120K), 5 survivors (5120K)
 Metaspace       used 82695K, committed 84864K, reserved 1179648K
  class space    used 11808K, committed 12800K, reserved 1048576K
}
Event: 24.136 GC heap before
{Heap before GC invocations=39 (full 0):
 garbage-first heap   total 148480K, used 92499K [0x00000000a0000000, 0x0000000100000000)
  region size 1024K, 7 young (7168K), 5 survivors (5120K)
 Metaspace       used 82695K, committed 84864K, reserved 1179648K
  class space    used 11808K, committed 12800K, reserved 1048576K
}
Event: 24.140 GC heap after
{Heap after GC invocations=40 (full 0):
 garbage-first heap   total 148480K, used 91200K [0x00000000a0000000, 0x0000000100000000)
  region size 1024K, 4 young (4096K), 4 survivors (4096K)
 Metaspace       used 82695K, committed 84864K, reserved 1179648K
  class space    used 11808K, committed 12800K, reserved 1048576K
}
Event: 27.058 GC heap before
{Heap before GC invocations=41 (full 0):
 garbage-first heap   total 155648K, used 141376K [0x00000000a0000000, 0x0000000100000000)
  region size 1024K, 50 young (51200K), 4 survivors (4096K)
 Metaspace       used 84435K, committed 86656K, reserved 1179648K
  class space    used 12084K, committed 13184K, reserved 1048576K
}
Event: 27.067 GC heap after
{Heap after GC invocations=42 (full 0):
 garbage-first heap   total 155648K, used 99566K [0x00000000a0000000, 0x0000000100000000)
  region size 1024K, 7 young (7168K), 7 survivors (7168K)
 Metaspace       used 84435K, committed 86656K, reserved 1179648K
  class space    used 12084K, committed 13184K, reserved 1048576K
}
Event: 27.584 GC heap before
{Heap before GC invocations=42 (full 0):
 garbage-first heap   total 155648K, used 143598K [0x00000000a0000000, 0x0000000100000000)
  region size 1024K, 51 young (52224K), 7 survivors (7168K)
 Metaspace       used 84706K, committed 86912K, reserved 1179648K
  class space    used 12103K, committed 13184K, reserved 1048576K
}
Event: 27.590 GC heap after
{Heap after GC invocations=43 (full 0):
 garbage-first heap   total 157696K, used 103184K [0x00000000a0000000, 0x0000000100000000)
  region size 1024K, 4 young (4096K), 4 survivors (4096K)
 Metaspace       used 84706K, committed 86912K, reserved 1179648K
  class space    used 12103K, committed 13184K, reserved 1048576K
}
Event: 28.173 GC heap before
{Heap before GC invocations=43 (full 0):
 garbage-first heap   total 157696K, used 135952K [0x00000000a0000000, 0x0000000100000000)
  region size 1024K, 38 young (38912K), 4 survivors (4096K)
 Metaspace       used 84748K, committed 87040K, reserved 1179648K
  class space    used 12106K, committed 13248K, reserved 1048576K
}
Event: 28.179 GC heap after
{Heap after GC invocations=44 (full 0):
 garbage-first heap   total 157696K, used 104445K [0x00000000a0000000, 0x0000000100000000)
  region size 1024K, 2 young (2048K), 2 survivors (2048K)
 Metaspace       used 84748K, committed 87040K, reserved 1179648K
  class space    used 12106K, committed 13248K, reserved 1048576K
}
Event: 29.569 GC heap before
{Heap before GC invocations=45 (full 0):
 garbage-first heap   total 179200K, used 150525K [0x00000000a0000000, 0x0000000100000000)
  region size 1024K, 43 young (44032K), 2 survivors (2048K)
 Metaspace       used 89877K, committed 92032K, reserved 1179648K
  class space    used 12779K, committed 13824K, reserved 1048576K
}
Event: 29.572 GC heap after
{Heap after GC invocations=46 (full 0):
 garbage-first heap   total 179200K, used 110951K [0x00000000a0000000, 0x0000000100000000)
  region size 1024K, 4 young (4096K), 4 survivors (4096K)
 Metaspace       used 89877K, committed 92032K, reserved 1179648K
  class space    used 12779K, committed 13824K, reserved 1048576K
}
Event: 30.234 GC heap before
{Heap before GC invocations=46 (full 0):
 garbage-first heap   total 179200K, used 162151K [0x00000000a0000000, 0x0000000100000000)
  region size 1024K, 55 young (56320K), 4 survivors (4096K)
 Metaspace       used 93789K, committed 96064K, reserved 1179648K
  class space    used 13344K, committed 14464K, reserved 1048576K
}
Event: 30.239 GC heap after
{Heap after GC invocations=47 (full 0):
 garbage-first heap   total 179200K, used 111879K [0x00000000a0000000, 0x0000000100000000)
  region size 1024K, 5 young (5120K), 5 survivors (5120K)
 Metaspace       used 93789K, committed 96064K, reserved 1179648K
  class space    used 13344K, committed 14464K, reserved 1048576K
}
Event: 31.061 GC heap before
{Heap before GC invocations=47 (full 0):
 garbage-first heap   total 179200K, used 164103K [0x00000000a0000000, 0x0000000100000000)
  region size 1024K, 56 young (57344K), 5 survivors (5120K)
 Metaspace       used 96863K, committed 99200K, reserved 1179648K
  class space    used 13795K, committed 14912K, reserved 1048576K
}
Event: 31.065 GC heap after
{Heap after GC invocations=48 (full 0):
 garbage-first heap   total 179200K, used 115188K [0x00000000a0000000, 0x0000000100000000)
  region size 1024K, 5 young (5120K), 5 survivors (5120K)
 Metaspace       used 96863K, committed 99200K, reserved 1179648K
  class space    used 13795K, committed 14912K, reserved 1048576K
}

